This is pdfTeX, Version 3.1415926-2.5-1.40.14 (TeX Live 2013) (format=pdflatex 2013.5.30)  28 MAR 2014 18:04
entering extended mode
 restricted \write18 enabled.
 %&-line parsing enabled.
**Report.tex
(./Report.tex
LaTeX2e <2011/06/27>
Babel <3.9f> and hyphenation patterns for 78 languages loaded.
(/usr/local/texlive/2013/texmf-dist/tex/latex/amscls/amsart.cls
Document Class: amsart 2009/07/02 v2.20.1
\linespacing=\dimen102
\normalparindent=\dimen103
\normaltopskip=\skip41
(/usr/local/texlive/2013/texmf-dist/tex/latex/amsmath/amsmath.sty
Package: amsmath 2013/01/14 v2.14 AMS math features
\@mathmargin=\skip42

For additional information on amsmath, use the `?' option.
(/usr/local/texlive/2013/texmf-dist/tex/latex/amsmath/amstext.sty
Package: amstext 2000/06/29 v2.01

(/usr/local/texlive/2013/texmf-dist/tex/latex/amsmath/amsgen.sty
File: amsgen.sty 1999/11/30 v2.0
\@emptytoks=\toks14
\ex@=\dimen104
))
(/usr/local/texlive/2013/texmf-dist/tex/latex/amsmath/amsbsy.sty
Package: amsbsy 1999/11/29 v1.2d
\pmbraise@=\dimen105
)
(/usr/local/texlive/2013/texmf-dist/tex/latex/amsmath/amsopn.sty
Package: amsopn 1999/12/14 v2.01 operator names
)
\inf@bad=\count79
LaTeX Info: Redefining \frac on input line 210.
\uproot@=\count80
\leftroot@=\count81
LaTeX Info: Redefining \overline on input line 306.
\classnum@=\count82
\DOTSCASE@=\count83
LaTeX Info: Redefining \ldots on input line 378.
LaTeX Info: Redefining \dots on input line 381.
LaTeX Info: Redefining \cdots on input line 466.
\Mathstrutbox@=\box26
\strutbox@=\box27
\big@size=\dimen106
LaTeX Font Info:    Redeclaring font encoding OML on input line 566.
LaTeX Font Info:    Redeclaring font encoding OMS on input line 567.
\macc@depth=\count84
\c@MaxMatrixCols=\count85
\dotsspace@=\muskip10
\c@parentequation=\count86
\dspbrk@lvl=\count87
\tag@help=\toks15
\row@=\count88
\column@=\count89
\maxfields@=\count90
\andhelp@=\toks16
\eqnshift@=\dimen107
\alignsep@=\dimen108
\tagshift@=\dimen109
\tagwidth@=\dimen110
\totwidth@=\dimen111
\lineht@=\dimen112
\@envbody=\toks17
\multlinegap=\skip43
\multlinetaggap=\skip44
\mathdisplay@stack=\toks18
LaTeX Info: Redefining \[ on input line 2665.
LaTeX Info: Redefining \] on input line 2666.
)
LaTeX Font Info:    Try loading font information for U+msa on input line 388.

(/usr/local/texlive/2013/texmf-dist/tex/latex/amsfonts/umsa.fd
File: umsa.fd 2013/01/14 v3.01 AMS symbols A
)
(/usr/local/texlive/2013/texmf-dist/tex/latex/amsfonts/amsfonts.sty
Package: amsfonts 2013/01/14 v3.01 Basic AMSFonts support
\symAMSa=\mathgroup4
\symAMSb=\mathgroup5
LaTeX Font Info:    Overwriting math alphabet `\mathfrak' in version `bold'
(Font)                  U/euf/m/n --> U/euf/b/n on input line 106.
)
\copyins=\insert233
\abstractbox=\box28
\listisep=\skip45
\c@part=\count91
\c@section=\count92
\c@subsection=\count93
\c@subsubsection=\count94
\c@paragraph=\count95
\c@subparagraph=\count96
\c@figure=\count97
\c@table=\count98
\abovecaptionskip=\skip46
\belowcaptionskip=\skip47
\captionindent=\dimen113
\thm@style=\toks19
\thm@bodyfont=\toks20
\thm@headfont=\toks21
\thm@notefont=\toks22
\thm@headpunct=\toks23
\thm@preskip=\skip48
\thm@postskip=\skip49
\thm@headsep=\skip50
\dth@everypar=\toks24
)
(/usr/local/texlive/2013/texmf-dist/tex/latex/geometry/geometry.sty
Package: geometry 2010/09/12 v5.6 Page Geometry

(/usr/local/texlive/2013/texmf-dist/tex/latex/graphics/keyval.sty
Package: keyval 1999/03/16 v1.13 key=value parser (DPC)
\KV@toks@=\toks25
)
(/usr/local/texlive/2013/texmf-dist/tex/generic/oberdiek/ifpdf.sty
Package: ifpdf 2011/01/30 v2.3 Provides the ifpdf switch (HO)
Package ifpdf Info: pdfTeX in PDF mode is detected.
)
(/usr/local/texlive/2013/texmf-dist/tex/generic/oberdiek/ifvtex.sty
Package: ifvtex 2010/03/01 v1.5 Detect VTeX and its facilities (HO)
Package ifvtex Info: VTeX not detected.
)
(/usr/local/texlive/2013/texmf-dist/tex/generic/ifxetex/ifxetex.sty
Package: ifxetex 2010/09/12 v0.6 Provides ifxetex conditional
)
\Gm@cnth=\count99
\Gm@cntv=\count100
\c@Gm@tempcnt=\count101
\Gm@bindingoffset=\dimen114
\Gm@wd@mp=\dimen115
\Gm@odd@mp=\dimen116
\Gm@even@mp=\dimen117
\Gm@layoutwidth=\dimen118
\Gm@layoutheight=\dimen119
\Gm@layouthoffset=\dimen120
\Gm@layoutvoffset=\dimen121
\Gm@dimlist=\toks26
)
(/usr/local/texlive/2013/texmf-dist/tex/latex/tools/array.sty
Package: array 2008/09/09 v2.4c Tabular extension package (FMi)
\col@sep=\dimen122
\extrarowheight=\dimen123
\NC@list=\toks27
\extratabsurround=\skip51
\backup@length=\skip52
)
(/usr/local/texlive/2013/texmf-dist/tex/latex/caption/caption.sty
Package: caption 2013/05/02 v3.3-89 Customizing captions (AR)

(/usr/local/texlive/2013/texmf-dist/tex/latex/caption/caption3.sty
Package: caption3 2013/05/02 v1.6-88 caption3 kernel (AR)
Package caption3 Info: TeX engine: e-TeX on input line 57.
\captionmargin=\dimen124
\captionmargin@=\dimen125
\captionwidth=\dimen126
\caption@tempdima=\dimen127
\caption@indent=\dimen128
\caption@parindent=\dimen129
\caption@hangindent=\dimen130
)
Package caption Info: AMS or SMF document class.
\c@ContinuedFloat=\count102
)
(/usr/local/texlive/2013/texmf-dist/tex/latex/caption/subcaption.sty
Package: subcaption 2013/02/03 v1.1-62 Sub-captions (AR)
\c@subfigure=\count103
\c@subtable=\count104
)
(/usr/local/texlive/2013/texmf-dist/tex/latex/graphics/graphicx.sty
Package: graphicx 1999/02/16 v1.0f Enhanced LaTeX Graphics (DPC,SPQR)

(/usr/local/texlive/2013/texmf-dist/tex/latex/graphics/graphics.sty
Package: graphics 2009/02/05 v1.0o Standard LaTeX Graphics (DPC,SPQR)

(/usr/local/texlive/2013/texmf-dist/tex/latex/graphics/trig.sty
Package: trig 1999/03/16 v1.09 sin cos tan (DPC)
)
(/usr/local/texlive/2013/texmf-dist/tex/latex/latexconfig/graphics.cfg
File: graphics.cfg 2010/04/23 v1.9 graphics configuration of TeX Live
)
Package graphics Info: Driver file: pdftex.def on input line 91.

(/usr/local/texlive/2013/texmf-dist/tex/latex/pdftex-def/pdftex.def
File: pdftex.def 2011/05/27 v0.06d Graphics/color for pdfTeX

(/usr/local/texlive/2013/texmf-dist/tex/generic/oberdiek/infwarerr.sty
Package: infwarerr 2010/04/08 v1.3 Providing info/warning/error messages (HO)
)
(/usr/local/texlive/2013/texmf-dist/tex/generic/oberdiek/ltxcmds.sty
Package: ltxcmds 2011/11/09 v1.22 LaTeX kernel commands for general use (HO)
)
\Gread@gobject=\count105
))
\Gin@req@height=\dimen131
\Gin@req@width=\dimen132
)
(/usr/local/texlive/2013/texmf-dist/tex/latex/subfig/subfig.sty
Package: subfig 2005/06/28 ver: 1.3 subfig package
\c@KVtest=\count106
\sf@farskip=\skip53
\sf@captopadj=\dimen133
\sf@capskip=\skip54
\sf@nearskip=\skip55
\sf@top=\skip56
\sf@bottom=\skip57
) (./Report.aux)
\openout1 = `Report.aux'.

LaTeX Font Info:    Checking defaults for OML/cmm/m/it on input line 20.
LaTeX Font Info:    ... okay on input line 20.
LaTeX Font Info:    Checking defaults for T1/cmr/m/n on input line 20.
LaTeX Font Info:    ... okay on input line 20.
LaTeX Font Info:    Checking defaults for OT1/cmr/m/n on input line 20.
LaTeX Font Info:    ... okay on input line 20.
LaTeX Font Info:    Checking defaults for OMS/cmsy/m/n on input line 20.
LaTeX Font Info:    ... okay on input line 20.
LaTeX Font Info:    Checking defaults for OMX/cmex/m/n on input line 20.
LaTeX Font Info:    ... okay on input line 20.
LaTeX Font Info:    Checking defaults for U/cmr/m/n on input line 20.
LaTeX Font Info:    ... okay on input line 20.
LaTeX Font Info:    Try loading font information for U+msa on input line 20.
(/usr/local/texlive/2013/texmf-dist/tex/latex/amsfonts/umsa.fd
File: umsa.fd 2013/01/14 v3.01 AMS symbols A
)
LaTeX Font Info:    Try loading font information for U+msb on input line 20.

(/usr/local/texlive/2013/texmf-dist/tex/latex/amsfonts/umsb.fd
File: umsb.fd 2013/01/14 v3.01 AMS symbols B
)
*geometry* driver: auto-detecting
*geometry* detected driver: pdftex
*geometry* verbose mode - [ preamble ] result:
* driver: pdftex
* paper: <default>
* layout: <same size as paper>
* layoutoffset:(h,v)=(0.0pt,0.0pt)
* modes: twoside 
* h-part:(L,W,R)=(72.26999pt, 469.75502pt, 72.26999pt)
* v-part:(T,H,B)=(72.26999pt, 650.43001pt, 72.26999pt)
* \paperwidth=614.295pt
* \paperheight=794.96999pt
* \textwidth=469.75502pt
* \textheight=650.43001pt
* \oddsidemargin=0.0pt
* \evensidemargin=0.0pt
* \topmargin=-22.0pt
* \headheight=8.0pt
* \headsep=14.0pt
* \topskip=10.0pt
* \footskip=12.0pt
* \marginparwidth=90.0pt
* \marginparsep=11.0pt
* \columnsep=10.0pt
* \skip\footins=7.0pt plus 11.0pt
* \hoffset=0.0pt
* \voffset=0.0pt
* \mag=1000
* \@twocolumnfalse
* \@twosidetrue
* \@mparswitchtrue
* \@reversemarginfalse
* (1in=72.27pt=25.4mm, 1cm=28.453pt)

Package caption Info: Begin \AtBeginDocument code.
Package caption Info: subfig package v1.3 is loaded.
Package caption Info: End \AtBeginDocument code.
(/usr/local/texlive/2013/texmf-dist/tex/context/base/supp-pdf.mkii
[Loading MPS to PDF converter (version 2006.09.02).]
\scratchcounter=\count107
\scratchdimen=\dimen134
\scratchbox=\box29
\nofMPsegments=\count108
\nofMParguments=\count109
\everyMPshowfont=\toks28
\MPscratchCnt=\count110
\MPscratchDim=\dimen135
\MPnumerator=\count111
\makeMPintoPDFobject=\count112
\everyMPtoPDFconversion=\toks29
) (/usr/local/texlive/2013/texmf-dist/tex/generic/oberdiek/pdftexcmds.sty
Package: pdftexcmds 2011/11/29 v0.20 Utility functions of pdfTeX for LuaTeX (HO
)

(/usr/local/texlive/2013/texmf-dist/tex/generic/oberdiek/ifluatex.sty
Package: ifluatex 2010/03/01 v1.3 Provides the ifluatex switch (HO)
Package ifluatex Info: LuaTeX not detected.
)
Package pdftexcmds Info: LuaTeX not detected.
Package pdftexcmds Info: \pdf@primitive is available.
Package pdftexcmds Info: \pdf@ifprimitive is available.
Package pdftexcmds Info: \pdfdraftmode found.
)
(/usr/local/texlive/2013/texmf-dist/tex/latex/oberdiek/epstopdf-base.sty
Package: epstopdf-base 2010/02/09 v2.5 Base part for package epstopdf

(/usr/local/texlive/2013/texmf-dist/tex/latex/oberdiek/grfext.sty
Package: grfext 2010/08/19 v1.1 Manage graphics extensions (HO)

(/usr/local/texlive/2013/texmf-dist/tex/generic/oberdiek/kvdefinekeys.sty
Package: kvdefinekeys 2011/04/07 v1.3 Define keys (HO)
))
(/usr/local/texlive/2013/texmf-dist/tex/latex/oberdiek/kvoptions.sty
Package: kvoptions 2011/06/30 v3.11 Key value format for package options (HO)

(/usr/local/texlive/2013/texmf-dist/tex/generic/oberdiek/kvsetkeys.sty
Package: kvsetkeys 2012/04/25 v1.16 Key value parser (HO)

(/usr/local/texlive/2013/texmf-dist/tex/generic/oberdiek/etexcmds.sty
Package: etexcmds 2011/02/16 v1.5 Avoid name clashes with e-TeX commands (HO)
Package etexcmds Info: Could not find \expanded.
(etexcmds)             That can mean that you are not using pdfTeX 1.50 or
(etexcmds)             that some package has redefined \expanded.
(etexcmds)             In the latter case, load this package earlier.
)))
Package grfext Info: Graphics extension search list:
(grfext)             [.png,.pdf,.jpg,.mps,.jpeg,.jbig2,.jb2,.PNG,.PDF,.JPG,.JPE
G,.JBIG2,.JB2,.eps]
(grfext)             \AppendGraphicsExtensions on input line 452.

(/usr/local/texlive/2013/texmf-dist/tex/latex/latexconfig/epstopdf-sys.cfg
File: epstopdf-sys.cfg 2010/07/13 v1.3 Configuration of (r)epstopdf for TeX Liv
e
))

LaTeX Warning: Citation `Dingli2009' on page 1 undefined on input line 25.


LaTeX Warning: Citation `Basanta2008' on page 1 undefined on input line 25.


LaTeX Warning: Citation `Smith1986' on page 1 undefined on input line 25.


LaTeX Warning: Citation `Smith1986' on page 1 undefined on input line 28.


LaTeX Warning: Citation `Tomlinson1997' on page 1 undefined on input line 28.


LaTeX Warning: Citation `TomBod' on page 1 undefined on input line 28.


LaTeX Warning: Citation `Axelrod2006' on page 1 undefined on input line 28.


LaTeX Warning: Citation `Basanta2008' on page 1 undefined on input line 28.


LaTeX Warning: Citation `Basanta2011' on page 1 undefined on input line 28.

[1{/usr/local/texlive/2013/texmf-var/fonts/map/pdftex/updmap/pdftex.map}]

LaTeX Warning: Citation `Durrett1994' on page 2 undefined on input line 37.


LaTeX Warning: Citation `Durrett1994' on page 2 undefined on input line 41.

<Diagrams/General/even_random_mix.png, id=16, 346.29375pt x 349.305pt>
File: Diagrams/General/even_random_mix.png Graphic file (type png)

<use Diagrams/General/even_random_mix.png>
Package pdftex.def Info: Diagrams/General/even_random_mix.png used on input lin
e 46.
(pdftex.def)             Requested size: 144.54pt x 145.801pt.

Underfull \vbox (badness 1052) has occurred while \output is active []

 [2 <./Diagrams/General/even_random_mix.png (PNG copy)>]

LaTeX Warning: Citation `Hofbauer1998' on page 3 undefined on input line 75.


Underfull \vbox (badness 1442) has occurred while \output is active []

 [3]
LaTeX Font Info:    Try loading font information for OMS+cmr on input line 89.

(/usr/local/texlive/2013/texmf-dist/tex/latex/base/omscmr.fd
File: omscmr.fd 1999/05/25 v2.5h Standard LaTeX font definitions
)
LaTeX Font Info:    Font shape `OMS/cmr/m/n' in size <12> not available
(Font)              Font shape `OMS/cmsy/m/n' tried instead on input line 89.


LaTeX Warning: Citation `Hofbauer1998' on page 4 undefined on input line 95.


LaTeX Warning: Citation `Durrett2009' on page 4 undefined on input line 95.


LaTeX Warning: Citation `Dingli2009' on page 4 undefined on input line 124.


LaTeX Warning: Citation `Dingli2009' on page 4 undefined on input line 124.


LaTeX Warning: Citation `Hofbauer1998' on page 4 undefined on input line 140.


LaTeX Warning: Citation `Durrett2009' on page 4 undefined on input line 160.

[4]

LaTeX Warning: Citation `Smith1986' on page 5 undefined on input line 195.


LaTeX Warning: Citation `Hofbauer1998' on page 5 undefined on input line 216.

[5] <Diagrams/HDR/phase.png, id=33, 240.9pt x 240.9pt>
File: Diagrams/HDR/phase.png Graphic file (type png)

<use Diagrams/HDR/phase.png>
Package pdftex.def Info: Diagrams/HDR/phase.png used on input line 233.
(pdftex.def)             Requested size: 144.54pt x 144.54478pt.

<Diagrams/HDR/HD_equilibrium.png, id=35, 348.30125pt x 349.305pt>
File: Diagrams/HDR/HD_equilibrium.png Graphic file (type png)

<use Diagrams/HDR/HD_equilibrium.png>
Package pdftex.def Info: Diagrams/HDR/HD_equilibrium.png used on input line 241
.
(pdftex.def)             Requested size: 140.92793pt x 141.33449pt.

<Diagrams/HDR/R_2.png, id=36, 351.3125pt x 349.305pt>
File: Diagrams/HDR/R_2.png Graphic file (type png)

<use Diagrams/HDR/R_2.png>
Package pdftex.def Info: Diagrams/HDR/R_2.png used on input line 247.
(pdftex.def)             Requested size: 140.92793pt x 140.12459pt.
Package epstopdf Info: Source file: <Diagrams/HDR/HD_slow_freqs.eps>
(epstopdf)                    date: 2014-03-28 17:57:50
(epstopdf)                    size: 199981 bytes
(epstopdf)             Output file: <Diagrams/HDR/HD_slow_freqs-eps-converted-t
o.pdf>
(epstopdf)                    date: 2014-03-28 17:57:50
(epstopdf)                    size: 48322 bytes
(epstopdf)             Command: <repstopdf --outfile=Diagrams/HDR/HD_slow_freqs
-eps-converted-to.pdf Diagrams/HDR/HD_slow_freqs.eps>
(epstopdf)             \includegraphics on input line 257.
Package epstopdf Info: Output file is already uptodate.

<Diagrams/HDR/HD_slow_freqs-eps-converted-to.pdf, id=37, 361.35pt x 225.84375pt
>
File: Diagrams/HDR/HD_slow_freqs-eps-converted-to.pdf Graphic file (type pdf)
 <use Diagrams/HDR/HD_slow_freqs-eps-converted-to.pdf>
Package pdftex.def Info: Diagrams/HDR/HD_slow_freqs-eps-converted-to.pdf used o
n input line 257.
(pdftex.def)             Requested size: 140.92793pt x 88.07869pt.

Underfull \hbox (badness 10000) in paragraph at lines 258--258
\OT1/cmr/m/n/10 Hawk-Dove-Retaliator game
 []

Package epstopdf Info: Source file: <Diagrams/HDR/HD_slow_clust.eps>
(epstopdf)                    date: 2014-03-28 17:57:50
(epstopdf)                    size: 116056 bytes
(epstopdf)             Output file: <Diagrams/HDR/HD_slow_clust-eps-converted-t
o.pdf>
(epstopdf)                    date: 2014-03-28 17:57:50
(epstopdf)                    size: 20407 bytes
(epstopdf)             Command: <repstopdf --outfile=Diagrams/HDR/HD_slow_clust
-eps-converted-to.pdf Diagrams/HDR/HD_slow_clust.eps>
(epstopdf)             \includegraphics on input line 263.
Package epstopdf Info: Output file is already uptodate.

<Diagrams/HDR/HD_slow_clust-eps-converted-to.pdf, id=38, 361.35pt x 219.82124pt
>
File: Diagrams/HDR/HD_slow_clust-eps-converted-to.pdf Graphic file (type pdf)
 <use Diagrams/HDR/HD_slow_clust-eps-converted-to.pdf>
Package pdftex.def Info: Diagrams/HDR/HD_slow_clust-eps-converted-to.pdf used o
n input line 263.
(pdftex.def)             Requested size: 140.92793pt x 85.72993pt.
Package epstopdf Info: Source file: <Diagrams/HDR/R_freqs.eps>
(epstopdf)                    date: 2014-03-28 17:57:50
(epstopdf)                    size: 31059 bytes
(epstopdf)             Output file: <Diagrams/HDR/R_freqs-eps-converted-to.pdf>

(epstopdf)                    date: 2014-03-28 17:57:50
(epstopdf)                    size: 13732 bytes
(epstopdf)             Command: <repstopdf --outfile=Diagrams/HDR/R_freqs-eps-c
onverted-to.pdf Diagrams/HDR/R_freqs.eps>
(epstopdf)             \includegraphics on input line 270.
Package epstopdf Info: Output file is already uptodate.

<Diagrams/HDR/R_freqs-eps-converted-to.pdf, id=39, 361.35pt x 225.84375pt>
File: Diagrams/HDR/R_freqs-eps-converted-to.pdf Graphic file (type pdf)

<use Diagrams/HDR/R_freqs-eps-converted-to.pdf>
Package pdftex.def Info: Diagrams/HDR/R_freqs-eps-converted-to.pdf used on inpu
t line 270.
(pdftex.def)             Requested size: 140.92793pt x 88.07869pt.

Underfull \hbox (badness 2119) in paragraph at lines 271--271
\OT1/cmr/m/n/10 a Hawk-Dove-Retaliator game
 []


Underfull \vbox (badness 10000) has occurred while \output is active []

 [6 <./Diagrams/HDR/phase.png>] [7 <./Diagrams/HDR/HD_equilibrium.png (PNG copy
)> <./Diagrams/HDR/R_2.png (PNG copy)>]
Underfull \vbox (badness 10000) has occurred while \output is active []

 [8 <./Diagrams/HDR/HD_slow_freqs-eps-converted-to.pdf> <./Diagrams/HDR/HD_slow
_clust-eps-converted-to.pdf> <./Diagrams/HDR/R_freqs-eps-converted-to.pdf>] (./
Report.bbl) [9] (./Report.aux)

LaTeX Warning: There were undefined references.


LaTeX Warning: Label(s) may have changed. Rerun to get cross-references right.

 ) 
Here is how much of TeX's memory you used:
 4461 strings out of 493315
 65669 string characters out of 6137904
 135177 words of memory out of 5000000
 7673 multiletter control sequences out of 15000+600000
 12506 words of font info for 48 fonts, out of 8000000 for 9000
 1118 hyphenation exceptions out of 8191
 38i,9n,38p,1282b,469s stack positions out of 5000i,500n,10000p,200000b,80000s
</usr/local/texlive/2013/texmf-dist/fonts/type1/public/amsfonts/cm/cmbx12.pfb
></usr/local/texlive/2013/texmf-dist/fonts/type1/public/amsfonts/cm/cmcsc10.pfb
></usr/local/texlive/2013/texmf-dist/fonts/type1/public/amsfonts/cm/cmex10.pfb>
</usr/local/texlive/2013/texmf-dist/fonts/type1/public/amsfonts/cm/cmmi10.pfb><
/usr/local/texlive/2013/texmf-dist/fonts/type1/public/amsfonts/cm/cmmi12.pfb></
usr/local/texlive/2013/texmf-dist/fonts/type1/public/amsfonts/cm/cmmi6.pfb></us
r/local/texlive/2013/texmf-dist/fonts/type1/public/amsfonts/cm/cmmi8.pfb></usr/
local/texlive/2013/texmf-dist/fonts/type1/public/amsfonts/cm/cmr10.pfb></usr/lo
cal/texlive/2013/texmf-dist/fonts/type1/public/amsfonts/cm/cmr12.pfb></usr/loca
l/texlive/2013/texmf-dist/fonts/type1/public/amsfonts/cm/cmr6.pfb></usr/local/t
exlive/2013/texmf-dist/fonts/type1/public/amsfonts/cm/cmr8.pfb></usr/local/texl
ive/2013/texmf-dist/fonts/type1/public/amsfonts/cm/cmr9.pfb></usr/local/texlive
/2013/texmf-dist/fonts/type1/public/amsfonts/cm/cmsy10.pfb></usr/local/texlive/
2013/texmf-dist/fonts/type1/public/amsfonts/cm/cmsy8.pfb></usr/local/texlive/20
13/texmf-dist/fonts/type1/public/amsfonts/cm/cmti10.pfb></usr/local/texlive/201
3/texmf-dist/fonts/type1/public/amsfonts/cm/cmti12.pfb>
Output written on Report.pdf (9 pages, 297008 bytes).
PDF statistics:
 130 PDF objects out of 1000 (max. 8388607)
 89 compressed objects within 1 object stream
 0 named destinations out of 1000 (max. 500000)
 36 words of extra memory for PDF output out of 10000 (max. 10000000)

