This is pdfTeX, Version 3.1415926-2.5-1.40.14 (TeX Live 2013) (format=pdflatex 2013.5.30)  7 APR 2014 22:51
entering extended mode
 \write18 enabled.
 file:line:error style messages enabled.
 %&-line parsing enabled.
**/Users/aashiq/Dropbox/Duke/evolutionary-games/Report/TSWLatexianTemp_Report.tex
(/Users/aashiq/Dropbox/Duke/evolutionary-games/Report/TSWLatexianTemp_Report.tex
LaTeX2e <2011/06/27>
Babel <3.9f> and hyphenation patterns for 78 languages loaded.
(/usr/local/texlive/2013/texmf-dist/tex/latex/base/report.cls
Document Class: report 2007/10/19 v1.4h Standard LaTeX document class
(/usr/local/texlive/2013/texmf-dist/tex/latex/base/size12.clo
File: size12.clo 2007/10/19 v1.4h Standard LaTeX file (size option)
)
\c@part=\count79
\c@chapter=\count80
\c@section=\count81
\c@subsection=\count82
\c@subsubsection=\count83
\c@paragraph=\count84
\c@subparagraph=\count85
\c@figure=\count86
\c@table=\count87
\abovecaptionskip=\skip41
\belowcaptionskip=\skip42
\bibindent=\dimen102
) (/usr/local/texlive/2013/texmf-dist/tex/latex/geometry/geometry.sty
Package: geometry 2010/09/12 v5.6 Page Geometry
 (/usr/local/texlive/2013/texmf-dist/tex/latex/graphics/keyval.sty
Package: keyval 1999/03/16 v1.13 key=value parser (DPC)
\KV@toks@=\toks14
) (/usr/local/texlive/2013/texmf-dist/tex/generic/oberdiek/ifpdf.sty
Package: ifpdf 2011/01/30 v2.3 Provides the ifpdf switch (HO)
Package ifpdf Info: pdfTeX in PDF mode is detected.
) (/usr/local/texlive/2013/texmf-dist/tex/generic/oberdiek/ifvtex.sty
Package: ifvtex 2010/03/01 v1.5 Detect VTeX and its facilities (HO)
Package ifvtex Info: VTeX not detected.
) (/usr/local/texlive/2013/texmf-dist/tex/generic/ifxetex/ifxetex.sty
Package: ifxetex 2010/09/12 v0.6 Provides ifxetex conditional
)
\Gm@cnth=\count88
\Gm@cntv=\count89
\c@Gm@tempcnt=\count90
\Gm@bindingoffset=\dimen103
\Gm@wd@mp=\dimen104
\Gm@odd@mp=\dimen105
\Gm@even@mp=\dimen106
\Gm@layoutwidth=\dimen107
\Gm@layoutheight=\dimen108
\Gm@layouthoffset=\dimen109
\Gm@layoutvoffset=\dimen110
\Gm@dimlist=\toks15
) (/usr/local/texlive/2013/texmf-dist/tex/latex/tools/array.sty
Package: array 2008/09/09 v2.4c Tabular extension package (FMi)
\col@sep=\dimen111
\extrarowheight=\dimen112
\NC@list=\toks16
\extratabsurround=\skip43
\backup@length=\skip44
) (/usr/local/texlive/2013/texmf-dist/tex/latex/amsmath/amsmath.sty
Package: amsmath 2013/01/14 v2.14 AMS math features
\@mathmargin=\skip45

For additional information on amsmath, use the `?' option.
(/usr/local/texlive/2013/texmf-dist/tex/latex/amsmath/amstext.sty
Package: amstext 2000/06/29 v2.01
 (/usr/local/texlive/2013/texmf-dist/tex/latex/amsmath/amsgen.sty
File: amsgen.sty 1999/11/30 v2.0
\@emptytoks=\toks17
\ex@=\dimen113
)) (/usr/local/texlive/2013/texmf-dist/tex/latex/amsmath/amsbsy.sty
Package: amsbsy 1999/11/29 v1.2d
\pmbraise@=\dimen114
) (/usr/local/texlive/2013/texmf-dist/tex/latex/amsmath/amsopn.sty
Package: amsopn 1999/12/14 v2.01 operator names
)
\inf@bad=\count91
LaTeX Info: Redefining \frac on input line 210.
\uproot@=\count92
\leftroot@=\count93
LaTeX Info: Redefining \overline on input line 306.
\classnum@=\count94
\DOTSCASE@=\count95
LaTeX Info: Redefining \ldots on input line 378.
LaTeX Info: Redefining \dots on input line 381.
LaTeX Info: Redefining \cdots on input line 466.
\Mathstrutbox@=\box26
\strutbox@=\box27
\big@size=\dimen115
LaTeX Font Info:    Redeclaring font encoding OML on input line 566.
LaTeX Font Info:    Redeclaring font encoding OMS on input line 567.
\macc@depth=\count96
\c@MaxMatrixCols=\count97
\dotsspace@=\muskip10
\c@parentequation=\count98
\dspbrk@lvl=\count99
\tag@help=\toks18
\row@=\count100
\column@=\count101
\maxfields@=\count102
\andhelp@=\toks19
\eqnshift@=\dimen116
\alignsep@=\dimen117
\tagshift@=\dimen118
\tagwidth@=\dimen119
\totwidth@=\dimen120
\lineht@=\dimen121
\@envbody=\toks20
\multlinegap=\skip46
\multlinetaggap=\skip47
\mathdisplay@stack=\toks21
LaTeX Info: Redefining \[ on input line 2665.
LaTeX Info: Redefining \] on input line 2666.
) (/usr/local/texlive/2013/texmf-dist/tex/latex/caption/caption.sty
Package: caption 2013/05/02 v3.3-89 Customizing captions (AR)
 (/usr/local/texlive/2013/texmf-dist/tex/latex/caption/caption3.sty
Package: caption3 2013/05/02 v1.6-88 caption3 kernel (AR)
Package caption3 Info: TeX engine: e-TeX on input line 57.
\captionmargin=\dimen122
\captionmargin@=\dimen123
\captionwidth=\dimen124
\caption@tempdima=\dimen125
\caption@indent=\dimen126
\caption@parindent=\dimen127
\caption@hangindent=\dimen128
)
\c@ContinuedFloat=\count103
) (/usr/local/texlive/2013/texmf-dist/tex/latex/caption/subcaption.sty
Package: subcaption 2013/02/03 v1.1-62 Sub-captions (AR)
\c@subfigure=\count104
\c@subtable=\count105
) (/usr/local/texlive/2013/texmf-dist/tex/latex/amsfonts/amsfonts.sty
Package: amsfonts 2013/01/14 v3.01 Basic AMSFonts support
\symAMSa=\mathgroup4
\symAMSb=\mathgroup5
LaTeX Font Info:    Overwriting math alphabet `\mathfrak' in version `bold'
(Font)                  U/euf/m/n --> U/euf/b/n on input line 106.
) (/usr/local/texlive/2013/texmf-dist/tex/latex/tools/enumerate.sty
Package: enumerate 1999/03/05 v3.00 enumerate extensions (DPC)
\@enLab=\toks22
) (/usr/local/texlive/2013/texmf-dist/tex/latex/graphics/graphicx.sty
Package: graphicx 1999/02/16 v1.0f Enhanced LaTeX Graphics (DPC,SPQR)
 (/usr/local/texlive/2013/texmf-dist/tex/latex/graphics/graphics.sty
Package: graphics 2009/02/05 v1.0o Standard LaTeX Graphics (DPC,SPQR)
 (/usr/local/texlive/2013/texmf-dist/tex/latex/graphics/trig.sty
Package: trig 1999/03/16 v1.09 sin cos tan (DPC)
) (/usr/local/texlive/2013/texmf-dist/tex/latex/latexconfig/graphics.cfg
File: graphics.cfg 2010/04/23 v1.9 graphics configuration of TeX Live
)
Package graphics Info: Driver file: pdftex.def on input line 91.
 (/usr/local/texlive/2013/texmf-dist/tex/latex/pdftex-def/pdftex.def
File: pdftex.def 2011/05/27 v0.06d Graphics/color for pdfTeX
 (/usr/local/texlive/2013/texmf-dist/tex/generic/oberdiek/infwarerr.sty
Package: infwarerr 2010/04/08 v1.3 Providing info/warning/error messages (HO)
) (/usr/local/texlive/2013/texmf-dist/tex/generic/oberdiek/ltxcmds.sty
Package: ltxcmds 2011/11/09 v1.22 LaTeX kernel commands for general use (HO)
)
\Gread@gobject=\count106
))
\Gin@req@height=\dimen129
\Gin@req@width=\dimen130
) (/usr/local/texlive/2013/texmf-dist/tex/latex/float/float.sty
Package: float 2001/11/08 v1.3d Float enhancements (AL)
\c@float@type=\count107
\float@exts=\toks23
\float@box=\box28
\@float@everytoks=\toks24
\@floatcapt=\box29
)
No file TSWLatexianTemp_Report.aux.
\openout1 = `TSWLatexianTemp_Report.aux'.

LaTeX Font Info:    Checking defaults for OML/cmm/m/it on input line 23.
LaTeX Font Info:    ... okay on input line 23.
LaTeX Font Info:    Checking defaults for T1/cmr/m/n on input line 23.
LaTeX Font Info:    ... okay on input line 23.
LaTeX Font Info:    Checking defaults for OT1/cmr/m/n on input line 23.
LaTeX Font Info:    ... okay on input line 23.
LaTeX Font Info:    Checking defaults for OMS/cmsy/m/n on input line 23.
LaTeX Font Info:    ... okay on input line 23.
LaTeX Font Info:    Checking defaults for OMX/cmex/m/n on input line 23.
LaTeX Font Info:    ... okay on input line 23.
LaTeX Font Info:    Checking defaults for U/cmr/m/n on input line 23.
LaTeX Font Info:    ... okay on input line 23.
*geometry* driver: auto-detecting
*geometry* detected driver: pdftex
*geometry* verbose mode - [ preamble ] result:
* driver: pdftex
* paper: <default>
* layout: <same size as paper>
* layoutoffset:(h,v)=(0.0pt,0.0pt)
* modes: 
* h-part:(L,W,R)=(72.26999pt, 469.75502pt, 72.26999pt)
* v-part:(T,H,B)=(72.26999pt, 650.43001pt, 72.26999pt)
* \paperwidth=614.295pt
* \paperheight=794.96999pt
* \textwidth=469.75502pt
* \textheight=650.43001pt
* \oddsidemargin=0.0pt
* \evensidemargin=0.0pt
* \topmargin=-37.0pt
* \headheight=12.0pt
* \headsep=25.0pt
* \topskip=12.0pt
* \footskip=30.0pt
* \marginparwidth=44.0pt
* \marginparsep=10.0pt
* \columnsep=10.0pt
* \skip\footins=10.8pt plus 4.0pt minus 2.0pt
* \hoffset=0.0pt
* \voffset=0.0pt
* \mag=1000
* \@twocolumnfalse
* \@twosidefalse
* \@mparswitchfalse
* \@reversemarginfalse
* (1in=72.27pt=25.4mm, 1cm=28.453pt)

Package caption Info: Begin \AtBeginDocument code.
Package caption Info: float package is loaded.
Package caption Info: End \AtBeginDocument code.
(/usr/local/texlive/2013/texmf-dist/tex/context/base/supp-pdf.mkii
[Loading MPS to PDF converter (version 2006.09.02).]
\scratchcounter=\count108
\scratchdimen=\dimen131
\scratchbox=\box30
\nofMPsegments=\count109
\nofMParguments=\count110
\everyMPshowfont=\toks25
\MPscratchCnt=\count111
\MPscratchDim=\dimen132
\MPnumerator=\count112
\makeMPintoPDFobject=\count113
\everyMPtoPDFconversion=\toks26
) (/usr/local/texlive/2013/texmf-dist/tex/generic/oberdiek/pdftexcmds.sty
Package: pdftexcmds 2011/11/29 v0.20 Utility functions of pdfTeX for LuaTeX (HO)
 (/usr/local/texlive/2013/texmf-dist/tex/generic/oberdiek/ifluatex.sty
Package: ifluatex 2010/03/01 v1.3 Provides the ifluatex switch (HO)
Package ifluatex Info: LuaTeX not detected.
)
Package pdftexcmds Info: LuaTeX not detected.
Package pdftexcmds Info: \pdf@primitive is available.
Package pdftexcmds Info: \pdf@ifprimitive is available.
Package pdftexcmds Info: \pdfdraftmode found.
) (/usr/local/texlive/2013/texmf-dist/tex/latex/oberdiek/epstopdf-base.sty
Package: epstopdf-base 2010/02/09 v2.5 Base part for package epstopdf
 (/usr/local/texlive/2013/texmf-dist/tex/latex/oberdiek/grfext.sty
Package: grfext 2010/08/19 v1.1 Manage graphics extensions (HO)
 (/usr/local/texlive/2013/texmf-dist/tex/generic/oberdiek/kvdefinekeys.sty
Package: kvdefinekeys 2011/04/07 v1.3 Define keys (HO)
)) (/usr/local/texlive/2013/texmf-dist/tex/latex/oberdiek/kvoptions.sty
Package: kvoptions 2011/06/30 v3.11 Key value format for package options (HO)
 (/usr/local/texlive/2013/texmf-dist/tex/generic/oberdiek/kvsetkeys.sty
Package: kvsetkeys 2012/04/25 v1.16 Key value parser (HO)
 (/usr/local/texlive/2013/texmf-dist/tex/generic/oberdiek/etexcmds.sty
Package: etexcmds 2011/02/16 v1.5 Avoid name clashes with e-TeX commands (HO)
Package etexcmds Info: Could not find \expanded.
(etexcmds)             That can mean that you are not using pdfTeX 1.50 or
(etexcmds)             that some package has redefined \expanded.
(etexcmds)             In the latter case, load this package earlier.
)))
Package grfext Info: Graphics extension search list:
(grfext)             [.png,.pdf,.jpg,.mps,.jpeg,.jbig2,.jb2,.PNG,.PDF,.JPG,.JPEG,.JBIG2,.JB2,.eps]
(grfext)             \AppendGraphicsExtensions on input line 452.
 (/usr/local/texlive/2013/texmf-dist/tex/latex/latexconfig/epstopdf-sys.cfg
File: epstopdf-sys.cfg 2010/07/13 v1.3 Configuration of (r)epstopdf for TeX Live
))
LaTeX Font Info:    Try loading font information for U+msa on input line 24.
 (/usr/local/texlive/2013/texmf-dist/tex/latex/amsfonts/umsa.fd
File: umsa.fd 2013/01/14 v3.01 AMS symbols A
)
LaTeX Font Info:    Try loading font information for U+msb on input line 24.
 (/usr/local/texlive/2013/texmf-dist/tex/latex/amsfonts/umsb.fd
File: umsb.fd 2013/01/14 v3.01 AMS symbols B
) [1

{/usr/local/texlive/2013/texmf-var/fonts/map/pdftex/updmap/pdftex.map}] [1

]

LaTeX Warning: Citation `Dingli2009' on page 2 undefined on input line 32.


LaTeX Warning: Citation `Basanta2008' on page 2 undefined on input line 32.

[2

]

LaTeX Warning: Citation `Smith1986' on page 3 undefined on input line 35.


LaTeX Warning: Citation `Tomlinson1997' on page 3 undefined on input line 35.


LaTeX Warning: Citation `TomBod' on page 3 undefined on input line 35.


LaTeX Warning: Citation `Axelrod2006' on page 3 undefined on input line 35.


LaTeX Warning: Citation `Basanta2008' on page 3 undefined on input line 35.


LaTeX Warning: Citation `Basanta2011' on page 3 undefined on input line 35.


Underfull \hbox (badness 10000) in paragraph at lines 35--36

 []


LaTeX Warning: Citation `Durrett1994' on page 3 undefined on input line 38.


Underfull \hbox (badness 10000) in paragraph at lines 38--39

 []

[3

]

LaTeX Warning: Citation `Durrett1994' on page 4 undefined on input line 57.


Underfull \hbox (badness 10000) in paragraph at lines 57--58

 []

Package epstopdf Info: Source file: <Diagrams/General/themodel.eps>
(epstopdf)                    date: 2014-03-28 17:57:50
(epstopdf)                    size: 60550 bytes
(epstopdf)             Output file: <Diagrams/General/themodel-eps-converted-to.pdf>
(epstopdf)                    date: 2014-03-28 17:57:50
(epstopdf)                    size: 4826 bytes
(epstopdf)             Command: <epstopdf --outfile=Diagrams/General/themodel-eps-converted-to.pdf Diagrams/General/themodel.eps>
(epstopdf)             \includegraphics on input line 62.
Package epstopdf Info: Output file is already uptodate.
<Diagrams/General/themodel-eps-converted-to.pdf, id=18, 564.1075pt x 343.2825pt>
File: Diagrams/General/themodel-eps-converted-to.pdf Graphic file (type pdf)
 <use Diagrams/General/themodel-eps-converted-to.pdf>
Package pdftex.def Info: Diagrams/General/themodel-eps-converted-to.pdf used on input line 62.
(pdftex.def)             Requested size: 469.75502pt x 285.86723pt.


LaTeX Warning: Citation `Durrett1994' on page 4 undefined on input line 66.


Underfull \hbox (badness 10000) in paragraph at lines 66--67

 []

[4

] [5 <./Diagrams/General/themodel-eps-converted-to.pdf>]
Underfull \hbox (badness 10000) in paragraph at lines 68--69

 []


LaTeX Warning: Citation `Cox2011' on page 6 undefined on input line 70.


Underfull \hbox (badness 10000) in paragraph at lines 70--71

 []


Underfull \hbox (badness 10000) in paragraph at lines 72--73

 []

<Diagrams/General/even_random_mix.png, id=34, 346.29375pt x 349.305pt>
File: Diagrams/General/even_random_mix.png Graphic file (type png)
 <use Diagrams/General/even_random_mix.png>
Package pdftex.def Info: Diagrams/General/even_random_mix.png used on input line 79.
(pdftex.def)             Requested size: 144.54pt x 145.801pt.
 [6 <./Diagrams/General/even_random_mix.png (PNG copy)>] [7

] [8]

LaTeX Warning: Citation `Hofbauer1998' on page 9 undefined on input line 199.


LaTeX Warning: Citation `Durrett1994' on page 9 undefined on input line 199.

<Diagrams/basanta_phase-cropped.png, id=46, 458.71375pt x 427.5975pt>
File: Diagrams/basanta_phase-cropped.png Graphic file (type png)
 <use Diagrams/basanta_phase-cropped.png>
Package pdftex.def Info: Diagrams/basanta_phase-cropped.png used on input line 205.
(pdftex.def)             Requested size: 422.77664pt x 394.1187pt.
 [9] <Diagrams/Basanta/sample.png, id=52, 247.92625pt x 248.93pt>
File: Diagrams/Basanta/sample.png Graphic file (type png)
 <use Diagrams/Basanta/sample.png>
Package pdftex.def Info: Diagrams/Basanta/sample.png used on input line 212.
(pdftex.def)             Requested size: 169.10808pt x 169.79433pt.
 <Diagrams/basanta_trajectories.pdf, id=53, 289.08pt x 289.08pt>
File: Diagrams/basanta_trajectories.pdf Graphic file (type pdf)
 <use Diagrams/basanta_trajectories.pdf>
Package pdftex.def Info: Diagrams/basanta_trajectories.pdf used on input line 217.
(pdftex.def)             Requested size: 169.10808pt x 169.10449pt.
 [10 <./Diagrams/basanta_phase-cropped.png>]

LaTeX Warning: Citation `Durrett2009' on page 11 undefined on input line 229.


LaTeX Warning: Citation `Dingli2009' on page 11 undefined on input line 234.


LaTeX Warning: Citation `Dingli2009' on page 11 undefined on input line 234.

[11 <./Diagrams/Basanta/sample.png> <./Diagrams/basanta_trajectories.pdf>]

LaTeX Warning: Citation `Hofbauer1998' on page 12 undefined on input line 250.


Overfull \hbox (0.88187pt too wide) in paragraph at lines 242--251
[]$\OT1/cmr/m/n/12 . The pro-jec-tive trans-for-ma-tion moves any in-ter-nal fixed point into the barycen-
 []

Package epstopdf Info: Source file: <Diagrams/Dingli/OCOB.eps>
(epstopdf)                    date: 2014-03-28 17:57:50
(epstopdf)                    size: 61697 bytes
(epstopdf)             Output file: <Diagrams/Dingli/OCOB-eps-converted-to.pdf>
(epstopdf)                    date: 2014-04-01 01:32:34
(epstopdf)                    size: 23745 bytes
(epstopdf)             Command: <epstopdf --outfile=Diagrams/Dingli/OCOB-eps-converted-to.pdf Diagrams/Dingli/OCOB.eps>
(epstopdf)             \includegraphics on input line 258.
Package epstopdf Info: Output file is already uptodate.
<Diagrams/Dingli/OCOB-eps-converted-to.pdf, id=73, 562.1pt x 421.575pt>
File: Diagrams/Dingli/OCOB-eps-converted-to.pdf Graphic file (type pdf)
 <use Diagrams/Dingli/OCOB-eps-converted-to.pdf>
Package pdftex.def Info: Diagrams/Dingli/OCOB-eps-converted-to.pdf used on input line 258.
(pdftex.def)             Requested size: 169.10808pt x 126.82727pt.
Package epstopdf Info: Source file: <Diagrams/Dingli/bistable.eps>
(epstopdf)                    date: 2014-03-28 17:57:50
(epstopdf)                    size: 61771 bytes
(epstopdf)             Output file: <Diagrams/Dingli/bistable-eps-converted-to.pdf>
(epstopdf)                    date: 2014-04-01 01:32:35
(epstopdf)                    size: 24248 bytes
(epstopdf)             Command: <epstopdf --outfile=Diagrams/Dingli/bistable-eps-converted-to.pdf Diagrams/Dingli/bistable.eps>
(epstopdf)             \includegraphics on input line 264.
Package epstopdf Info: Output file is already uptodate.
 <Diagrams/Dingli/bistable-eps-converted-to.pdf, id=74, 562.1pt x 421.575pt>
File: Diagrams/Dingli/bistable-eps-converted-to.pdf Graphic file (type pdf)
 <use Diagrams/Dingli/bistable-eps-converted-to.pdf>
Package pdftex.def Info: Diagrams/Dingli/bistable-eps-converted-to.pdf used on input line 264.
(pdftex.def)             Requested size: 169.10808pt x 126.82727pt.
Package epstopdf Info: Source file: <Diagrams/Dingli/OCMM.eps>
(epstopdf)                    date: 2014-03-28 17:57:50
(epstopdf)                    size: 61613 bytes
(epstopdf)             Output file: <Diagrams/Dingli/OCMM-eps-converted-to.pdf>
(epstopdf)                    date: 2014-04-01 01:32:36
(epstopdf)                    size: 23608 bytes
(epstopdf)             Command: <epstopdf --outfile=Diagrams/Dingli/OCMM-eps-converted-to.pdf Diagrams/Dingli/OCMM.eps>
(epstopdf)             \includegraphics on input line 270.
Package epstopdf Info: Output file is already uptodate.
 <Diagrams/Dingli/OCMM-eps-converted-to.pdf, id=75, 562.1pt x 421.575pt>
File: Diagrams/Dingli/OCMM-eps-converted-to.pdf Graphic file (type pdf)
 <use Diagrams/Dingli/OCMM-eps-converted-to.pdf>
Package pdftex.def Info: Diagrams/Dingli/OCMM-eps-converted-to.pdf used on input line 270.
(pdftex.def)             Requested size: 169.10808pt x 126.82727pt.
 <Diagrams/dingli_trajectories.pdf, id=76, 289.08pt x 289.08pt>
File: Diagrams/dingli_trajectories.pdf Graphic file (type pdf)
 <use Diagrams/dingli_trajectories.pdf>
Package pdftex.def Info: Diagrams/dingli_trajectories.pdf used on input line 278.
(pdftex.def)             Requested size: 187.89914pt x 187.89977pt.
 [12] [13 <./Diagrams/Dingli/OCOB-eps-converted-to.pdf> <./Diagrams/Dingli/bistable-eps-converted-to.pdf> <./Diagrams/Dingli/OCMM-eps-converted-to.pdf> <./Diagrams/dingli_trajectories.pdf>] <Diagrams/dingli_phase-cropped.png, id=103, 470.75874pt x 434.62375pt>
File: Diagrams/dingli_phase-cropped.png Graphic file (type png)
 <use Diagrams/dingli_phase-cropped.png>
Package pdftex.def Info: Diagrams/dingli_phase-cropped.png used on input line 288.
(pdftex.def)             Requested size: 375.80544pt x 346.96333pt.


LaTeX Warning: Citation `TomBod' on page 14 undefined on input line 293.

LaTeX Font Info:    Try loading font information for OMS+cmr on input line 304.
(/usr/local/texlive/2013/texmf-dist/tex/latex/base/omscmr.fd
File: omscmr.fd 1999/05/25 v2.5h Standard LaTeX font definitions
)
LaTeX Font Info:    Font shape `OMS/cmr/m/n' in size <12> not available
(Font)              Font shape `OMS/cmsy/m/n' tried instead on input line 304.
 [14 <./Diagrams/dingli_phase-cropped.png>]
Underfull \hbox (badness 10000) in paragraph at lines 329--330

 []


Underfull \hbox (badness 10000) in paragraph at lines 331--332

 []


Underfull \hbox (badness 10000) in paragraph at lines 333--334

 []

[15] [16]
Underfull \hbox (badness 10000) in paragraph at lines 373--374

 []


Underfull \hbox (badness 10000) in paragraph at lines 375--376

 []

[17

]
No file TSWLatexianTemp_Report.bbl.
(./TSWLatexianTemp_Report.aux)

LaTeX Warning: There were undefined references.

 ) 
Here is how much of TeX's memory you used:
 3985 strings out of 493315
 60905 string characters out of 6137904
 125320 words of memory out of 5000000
 7357 multiletter control sequences out of 15000+600000
 15218 words of font info for 58 fonts, out of 8000000 for 9000
 957 hyphenation exceptions out of 8191
 37i,9n,38p,1377b,478s stack positions out of 5000i,500n,10000p,200000b,80000s
</usr/local/texlive/2013/texmf-dist/fonts/type1/public/amsfonts/cm/cmbx12.pfb></usr/local/texlive/2013/texmf-dist/fonts/type1/public/amsfonts/cm/cmex10.pfb></usr/local/texlive/2013/texmf-dist/fonts/type1/public/amsfonts/cm/cmmi10.pfb></usr/local/texlive/2013/texmf-dist/fonts/type1/public/amsfonts/cm/cmmi12.pfb></usr/local/texlive/2013/texmf-dist/fonts/type1/public/amsfonts/cm/cmmi6.pfb></usr/local/texlive/2013/texmf-dist/fonts/type1/public/amsfonts/cm/cmmi8.pfb></usr/local/texlive/2013/texmf-dist/fonts/type1/public/amsfonts/cm/cmr10.pfb></usr/local/texlive/2013/texmf-dist/fonts/type1/public/amsfonts/cm/cmr12.pfb></usr/local/texlive/2013/texmf-dist/fonts/type1/public/amsfonts/cm/cmr17.pfb></usr/local/texlive/2013/texmf-dist/fonts/type1/public/amsfonts/cm/cmr6.pfb></usr/local/texlive/2013/texmf-dist/fonts/type1/public/amsfonts/cm/cmr8.pfb></usr/local/texlive/2013/texmf-dist/fonts/type1/public/amsfonts/cm/cmsy10.pfb></usr/local/texlive/2013/texmf-dist/fonts/type1/public/amsfonts/cm/cmsy8.pfb></usr/local/texlive/2013/texmf-dist/fonts/type1/public/amsfonts/cm/cmti12.pfb></usr/local/texlive/2013/texmf-dist/fonts/type1/public/amsfonts/symbols/msbm10.pfb>
Output written on TSWLatexianTemp_Report.pdf (18 pages, 2376504 bytes).
PDF statistics:
 166 PDF objects out of 1000 (max. 8388607)
 115 compressed objects within 2 object streams
 0 named destinations out of 1000 (max. 500000)
 51 words of extra memory for PDF output out of 10000 (max. 10000000)

